  [1m[35m (6.2ms)[0m  [1m[35mCREATE DATABASE "job_portal_development" ENCODING = 'unicode'[0m
  [1m[35m (13.3ms)[0m  [1m[35mCREATE DATABASE "job_portal_development" ENCODING = 'unicode'[0m
  [1m[35m (0.5ms)[0m  [1m[35mCREATE DATABASE "job_portal_development" ENCODING = 'unicode'[0m
  [1m[35m (293.4ms)[0m  [1m[35mCREATE DATABASE "job_portal_development" ENCODING = 'unicode'[0m
  [1m[35m (93.4ms)[0m  [1m[35mCREATE DATABASE "job_portal_test" ENCODING = 'unicode'[0m
  [1m[35m (0.6ms)[0m  [1m[35mCREATE DATABASE "job_portal_development" ENCODING = 'unicode'[0m
  [1m[35m (0.4ms)[0m  [1m[35mCREATE DATABASE "job_portal_test" ENCODING = 'unicode'[0m
  [1m[35m (33.8ms)[0m  [1m[35mCREATE TABLE "schema_migrations" ("version" character varying NOT NULL PRIMARY KEY)[0m
  [1m[35m (26.6ms)[0m  [1m[35mCREATE TABLE "ar_internal_metadata" ("key" character varying NOT NULL PRIMARY KEY, "value" character varying, "created_at" timestamp(6) NOT NULL, "updated_at" timestamp(6) NOT NULL)[0m
  [1m[35m (1.2ms)[0m  [1m[34mSELECT pg_try_advisory_lock(3376815745436005845)[0m
  [1m[36mActiveRecord::SchemaMigration Load (0.8ms)[0m  [1m[34mSELECT "schema_migrations"."version" FROM "schema_migrations" ORDER BY "schema_migrations"."version" ASC[0m
  [1m[36mActiveRecord::InternalMetadata Load (1.8ms)[0m  [1m[34mSELECT * FROM "ar_internal_metadata" WHERE "ar_internal_metadata"."key" = $1 ORDER BY "ar_internal_metadata"."key" ASC LIMIT 1[0m  [[nil, "environment"]]
  [1m[36mActiveRecord::InternalMetadata Create (6.8ms)[0m  [1m[32mINSERT INTO "ar_internal_metadata" ("key", "value", "created_at", "updated_at") VALUES ('environment', 'development', '2025-05-08 07:03:26.540781', '2025-05-08 07:03:26.540790') RETURNING "key"[0m
Migrating to DeviseCreateUsers (20250508070134)
  [1m[35m (0.6ms)[0m  [1m[34mSELECT pg_advisory_unlock(3376815745436005845)[0m
  [1m[35m (0.3ms)[0m  [1m[34mSELECT pg_try_advisory_lock(3376815745436005845)[0m
  [1m[36mActiveRecord::SchemaMigration Load (0.6ms)[0m  [1m[34mSELECT "schema_migrations"."version" FROM "schema_migrations" ORDER BY "schema_migrations"."version" ASC[0m
  [1m[36mActiveRecord::InternalMetadata Load (0.8ms)[0m  [1m[34mSELECT * FROM "ar_internal_metadata" WHERE "ar_internal_metadata"."key" = $1 ORDER BY "ar_internal_metadata"."key" ASC LIMIT 1[0m  [[nil, "environment"]]
Migrating to DeviseCreateUsers (20250508070134)
  [1m[36mTRANSACTION (0.2ms)[0m  [1m[35mBEGIN[0m
  [1m[36mTRANSACTION (0.1ms)[0m  [1m[31mROLLBACK[0m
  [1m[35m (0.3ms)[0m  [1m[34mSELECT pg_advisory_unlock(3376815745436005845)[0m
  [1m[36mActiveRecord::SchemaMigration Load (0.9ms)[0m  [1m[34mSELECT "schema_migrations"."version" FROM "schema_migrations" ORDER BY "schema_migrations"."version" ASC[0m
  [1m[35m (0.2ms)[0m  [1m[34mSELECT pg_try_advisory_lock(3376815745436005845)[0m
  [1m[36mActiveRecord::SchemaMigration Load (0.7ms)[0m  [1m[34mSELECT "schema_migrations"."version" FROM "schema_migrations" ORDER BY "schema_migrations"."version" ASC[0m
  [1m[36mActiveRecord::InternalMetadata Load (0.8ms)[0m  [1m[34mSELECT * FROM "ar_internal_metadata" WHERE "ar_internal_metadata"."key" = $1 ORDER BY "ar_internal_metadata"."key" ASC LIMIT 1[0m  [[nil, "environment"]]
Migrating to DeviseCreateUsers (20250508070134)
  [1m[36mTRANSACTION (0.2ms)[0m  [1m[35mBEGIN[0m
  [1m[35m (30.5ms)[0m  [1m[35mCREATE TABLE "users" ("id" bigserial primary key, "email" character varying DEFAULT '' NOT NULL, "encrypted_password" character varying DEFAULT '' NOT NULL, "reset_password_token" character varying, "reset_password_sent_at" timestamp(6), "remember_created_at" timestamp(6), "name" character varying, "created_at" timestamp(6) NOT NULL, "updated_at" timestamp(6) NOT NULL)[0m
  [1m[35m (10.3ms)[0m  [1m[35mCREATE UNIQUE INDEX "index_users_on_email" ON "users" ("email")[0m
  [1m[35m (9.9ms)[0m  [1m[35mCREATE UNIQUE INDEX "index_users_on_reset_password_token" ON "users" ("reset_password_token")[0m
  [1m[36mActiveRecord::SchemaMigration Create (0.5ms)[0m  [1m[32mINSERT INTO "schema_migrations" ("version") VALUES ('20250508070134') RETURNING "version"[0m
  [1m[36mTRANSACTION (6.7ms)[0m  [1m[35mCOMMIT[0m
Migrating to CreateJwtDenylist (20250508070240)
  [1m[36mTRANSACTION (0.2ms)[0m  [1m[35mBEGIN[0m
  [1m[35m (24.6ms)[0m  [1m[35mCREATE TABLE "jwt_denylist" ("id" bigserial primary key, "jti" character varying NOT NULL, "exp" timestamp NOT NULL, "created_at" timestamp(6) NOT NULL, "updated_at" timestamp(6) NOT NULL)[0m
  [1m[35m (11.5ms)[0m  [1m[35mCREATE INDEX "index_jwt_denylist_on_jti" ON "jwt_denylist" ("jti")[0m
  [1m[36mActiveRecord::SchemaMigration Create (0.8ms)[0m  [1m[32mINSERT INTO "schema_migrations" ("version") VALUES ('20250508070240') RETURNING "version"[0m
  [1m[36mTRANSACTION (6.3ms)[0m  [1m[35mCOMMIT[0m
  [1m[35m (0.5ms)[0m  [1m[34mSELECT pg_advisory_unlock(3376815745436005845)[0m
  [1m[36mActiveRecord::SchemaMigration Load (0.3ms)[0m  [1m[34mSELECT "schema_migrations"."version" FROM "schema_migrations" ORDER BY "schema_migrations"."version" ASC[0m
  [1m[36mActiveRecord::SchemaMigration Load (0.7ms)[0m  [1m[34mSELECT "schema_migrations"."version" FROM "schema_migrations" ORDER BY "schema_migrations"."version" ASC[0m
  [1m[36mActiveRecord::SchemaMigration Load (0.3ms)[0m  [1m[34mSELECT "schema_migrations"."version" FROM "schema_migrations" ORDER BY "schema_migrations"."version" ASC[0m
  [1m[36mActiveRecord::SchemaMigration Load (0.2ms)[0m  [1m[34mSELECT "schema_migrations"."version" FROM "schema_migrations" ORDER BY "schema_migrations"."version" ASC[0m
  [1m[35m (0.2ms)[0m  [1m[34mSELECT pg_try_advisory_lock(3376815745436005845)[0m
  [1m[36mActiveRecord::SchemaMigration Load (0.3ms)[0m  [1m[34mSELECT "schema_migrations"."version" FROM "schema_migrations" ORDER BY "schema_migrations"."version" ASC[0m
Migrating to CreateJwtDenylist (20250508070240)
  [1m[36mTRANSACTION (0.1ms)[0m  [1m[35mBEGIN[0m
  [1m[35m (1.0ms)[0m  [1m[35mDROP INDEX  "index_jwt_denylist_on_jti"[0m
  [1m[35m (0.9ms)[0m  [1m[35mDROP TABLE "jwt_denylist"[0m
  [1m[36mActiveRecord::SchemaMigration Destroy (0.6ms)[0m  [1m[31mDELETE FROM "schema_migrations" WHERE "schema_migrations"."version" = '20250508070240'[0m
  [1m[36mTRANSACTION (6.4ms)[0m  [1m[35mCOMMIT[0m
  [1m[35m (0.4ms)[0m  [1m[34mSELECT pg_advisory_unlock(3376815745436005845)[0m
  [1m[36mActiveRecord::SchemaMigration Load (0.4ms)[0m  [1m[34mSELECT "schema_migrations"."version" FROM "schema_migrations" ORDER BY "schema_migrations"."version" ASC[0m
  [1m[36mActiveRecord::SchemaMigration Load (0.9ms)[0m  [1m[34mSELECT "schema_migrations"."version" FROM "schema_migrations" ORDER BY "schema_migrations"."version" ASC[0m
  [1m[36mActiveRecord::SchemaMigration Load (0.8ms)[0m  [1m[34mSELECT "schema_migrations"."version" FROM "schema_migrations" ORDER BY "schema_migrations"."version" ASC[0m
  [1m[35m (0.1ms)[0m  [1m[34mSELECT pg_try_advisory_lock(3376815745436005845)[0m
  [1m[36mActiveRecord::SchemaMigration Load (0.6ms)[0m  [1m[34mSELECT "schema_migrations"."version" FROM "schema_migrations" ORDER BY "schema_migrations"."version" ASC[0m
  [1m[36mActiveRecord::InternalMetadata Load (0.6ms)[0m  [1m[34mSELECT * FROM "ar_internal_metadata" WHERE "ar_internal_metadata"."key" = $1 ORDER BY "ar_internal_metadata"."key" ASC LIMIT 1[0m  [[nil, "environment"]]
Migrating to CreateJwtDenylists (20250508071223)
  [1m[36mTRANSACTION (0.1ms)[0m  [1m[35mBEGIN[0m
  [1m[35m (26.2ms)[0m  [1m[35mCREATE TABLE "jwt_denylists" ("id" bigserial primary key, "jti" character varying, "exp" timestamp(6), "created_at" timestamp(6) NOT NULL, "updated_at" timestamp(6) NOT NULL)[0m
  [1m[35m (10.5ms)[0m  [1m[35mCREATE UNIQUE INDEX "index_jwt_denylists_on_jti" ON "jwt_denylists" ("jti")[0m
  [1m[35m (19.1ms)[0m  [1m[35mCREATE INDEX "index_jwt_denylists_on_exp" ON "jwt_denylists" ("exp")[0m
  [1m[36mActiveRecord::SchemaMigration Create (0.4ms)[0m  [1m[32mINSERT INTO "schema_migrations" ("version") VALUES ('20250508071223') RETURNING "version"[0m
  [1m[36mTRANSACTION (5.6ms)[0m  [1m[35mCOMMIT[0m
  [1m[35m (0.3ms)[0m  [1m[34mSELECT pg_advisory_unlock(3376815745436005845)[0m
  [1m[36mActiveRecord::SchemaMigration Load (0.4ms)[0m  [1m[34mSELECT "schema_migrations"."version" FROM "schema_migrations" ORDER BY "schema_migrations"."version" ASC[0m
  [1m[36mActiveRecord::SchemaMigration Load (1.5ms)[0m  [1m[34mSELECT "schema_migrations"."version" FROM "schema_migrations" ORDER BY "schema_migrations"."version" ASC[0m
  [1m[36mActiveRecord::SchemaMigration Load (0.7ms)[0m  [1m[34mSELECT "schema_migrations"."version" FROM "schema_migrations" ORDER BY "schema_migrations"."version" ASC[0m
  [1m[36mActiveRecord::SchemaMigration Load (0.3ms)[0m  [1m[34mSELECT "schema_migrations"."version" FROM "schema_migrations" ORDER BY "schema_migrations"."version" ASC[0m
  [1m[36mActiveRecord::SchemaMigration Load (0.2ms)[0m  [1m[34mSELECT "schema_migrations"."version" FROM "schema_migrations" ORDER BY "schema_migrations"."version" ASC[0m
  [1m[35m (0.2ms)[0m  [1m[34mSELECT pg_try_advisory_lock(3376815745436005845)[0m
  [1m[36mActiveRecord::SchemaMigration Load (0.3ms)[0m  [1m[34mSELECT "schema_migrations"."version" FROM "schema_migrations" ORDER BY "schema_migrations"."version" ASC[0m
Migrating to CreateJwtDenylists (20250508071223)
  [1m[36mTRANSACTION (0.1ms)[0m  [1m[35mBEGIN[0m
  [1m[35m (0.5ms)[0m  [1m[35mDROP INDEX  "index_jwt_denylists_on_exp"[0m
  [1m[35m (0.3ms)[0m  [1m[35mDROP INDEX  "index_jwt_denylists_on_jti"[0m
  [1m[35m (0.9ms)[0m  [1m[35mDROP TABLE "jwt_denylists"[0m
  [1m[36mActiveRecord::SchemaMigration Destroy (0.4ms)[0m  [1m[31mDELETE FROM "schema_migrations" WHERE "schema_migrations"."version" = '20250508071223'[0m
  [1m[36mTRANSACTION (6.8ms)[0m  [1m[35mCOMMIT[0m
Migrating to DeviseCreateUsers (20250508070134)
  [1m[36mTRANSACTION (0.1ms)[0m  [1m[35mBEGIN[0m
  [1m[35m (0.2ms)[0m  [1m[35mDROP INDEX  "index_users_on_reset_password_token"[0m
  [1m[35m (0.3ms)[0m  [1m[35mDROP INDEX  "index_users_on_email"[0m
  [1m[35m (1.0ms)[0m  [1m[35mDROP TABLE "users"[0m
  [1m[36mActiveRecord::SchemaMigration Destroy (0.3ms)[0m  [1m[31mDELETE FROM "schema_migrations" WHERE "schema_migrations"."version" = '20250508070134'[0m
  [1m[36mTRANSACTION (6.9ms)[0m  [1m[35mCOMMIT[0m
  [1m[35m (0.4ms)[0m  [1m[34mSELECT pg_advisory_unlock(3376815745436005845)[0m
  [1m[36mActiveRecord::SchemaMigration Load (0.5ms)[0m  [1m[34mSELECT "schema_migrations"."version" FROM "schema_migrations" ORDER BY "schema_migrations"."version" ASC[0m
  [1m[36mActiveRecord::SchemaMigration Load (1.3ms)[0m  [1m[34mSELECT "schema_migrations"."version" FROM "schema_migrations" ORDER BY "schema_migrations"."version" ASC[0m
  [1m[35m (0.1ms)[0m  [1m[34mSELECT pg_try_advisory_lock(3376815745436005845)[0m
  [1m[36mActiveRecord::SchemaMigration Load (0.6ms)[0m  [1m[34mSELECT "schema_migrations"."version" FROM "schema_migrations" ORDER BY "schema_migrations"."version" ASC[0m
  [1m[36mActiveRecord::InternalMetadata Load (0.8ms)[0m  [1m[34mSELECT * FROM "ar_internal_metadata" WHERE "ar_internal_metadata"."key" = $1 ORDER BY "ar_internal_metadata"."key" ASC LIMIT 1[0m  [[nil, "environment"]]
Migrating to DeviseCreateUsers (20250508070134)
  [1m[36mTRANSACTION (0.1ms)[0m  [1m[35mBEGIN[0m
  [1m[35m (23.8ms)[0m  [1m[35mCREATE TABLE "users" ("id" bigserial primary key, "email" character varying DEFAULT '' NOT NULL, "encrypted_password" character varying DEFAULT '' NOT NULL, "reset_password_token" character varying, "reset_password_sent_at" timestamp(6), "remember_created_at" timestamp(6), "name" character varying, "role" integer DEFAULT 0 NOT NULL, "created_at" timestamp(6) NOT NULL, "updated_at" timestamp(6) NOT NULL)[0m
  [1m[35m (10.2ms)[0m  [1m[35mCREATE UNIQUE INDEX "index_users_on_email" ON "users" ("email")[0m
  [1m[35m (10.0ms)[0m  [1m[35mCREATE UNIQUE INDEX "index_users_on_reset_password_token" ON "users" ("reset_password_token")[0m
  [1m[36mActiveRecord::SchemaMigration Create (0.3ms)[0m  [1m[32mINSERT INTO "schema_migrations" ("version") VALUES ('20250508070134') RETURNING "version"[0m
  [1m[36mTRANSACTION (7.0ms)[0m  [1m[35mCOMMIT[0m
Migrating to CreateJwtDenylists (20250508071223)
  [1m[36mTRANSACTION (0.3ms)[0m  [1m[35mBEGIN[0m
  [1m[35m (24.3ms)[0m  [1m[35mCREATE TABLE "jwt_denylists" ("id" bigserial primary key, "jti" character varying, "exp" timestamp(6), "created_at" timestamp(6) NOT NULL, "updated_at" timestamp(6) NOT NULL)[0m
  [1m[35m (12.2ms)[0m  [1m[35mCREATE UNIQUE INDEX "index_jwt_denylists_on_jti" ON "jwt_denylists" ("jti")[0m
  [1m[35m (12.1ms)[0m  [1m[35mCREATE INDEX "index_jwt_denylists_on_exp" ON "jwt_denylists" ("exp")[0m
  [1m[36mActiveRecord::SchemaMigration Create (0.3ms)[0m  [1m[32mINSERT INTO "schema_migrations" ("version") VALUES ('20250508071223') RETURNING "version"[0m
  [1m[36mTRANSACTION (5.5ms)[0m  [1m[35mCOMMIT[0m
  [1m[35m (0.4ms)[0m  [1m[34mSELECT pg_advisory_unlock(3376815745436005845)[0m
  [1m[36mActiveRecord::SchemaMigration Load (0.4ms)[0m  [1m[34mSELECT "schema_migrations"."version" FROM "schema_migrations" ORDER BY "schema_migrations"."version" ASC[0m
  [1m[35m (0.2ms)[0m  [1m[34mSELECT pg_try_advisory_lock(3376815745436005845)[0m
  [1m[36mActiveRecord::SchemaMigration Load (1.0ms)[0m  [1m[34mSELECT "schema_migrations"."version" FROM "schema_migrations" ORDER BY "schema_migrations"."version" ASC[0m
  [1m[36mActiveRecord::InternalMetadata Load (1.1ms)[0m  [1m[34mSELECT * FROM "ar_internal_metadata" WHERE "ar_internal_metadata"."key" = $1 ORDER BY "ar_internal_metadata"."key" ASC LIMIT 1[0m  [[nil, "environment"]]
Migrating to CreateJobApplications (20250508072911)
  [1m[36mTRANSACTION (0.1ms)[0m  [1m[35mBEGIN[0m
  [1m[35m (31.8ms)[0m  [1m[35mCREATE TABLE "job_applications" ("id" bigserial primary key, "title" character varying, "company" character varying, "user_id" bigint NOT NULL, "created_at" timestamp(6) NOT NULL, "updated_at" timestamp(6) NOT NULL, CONSTRAINT "fk_rails_0e9ee51b69"
FOREIGN KEY ("user_id")
  REFERENCES "users" ("id")
)[0m
  [1m[35m (10.5ms)[0m  [1m[35mCREATE INDEX "index_job_applications_on_user_id" ON "job_applications" ("user_id")[0m
  [1m[36mActiveRecord::SchemaMigration Create (0.3ms)[0m  [1m[32mINSERT INTO "schema_migrations" ("version") VALUES ('20250508072911') RETURNING "version"[0m
  [1m[36mTRANSACTION (6.9ms)[0m  [1m[35mCOMMIT[0m
  [1m[35m (0.3ms)[0m  [1m[34mSELECT pg_advisory_unlock(3376815745436005845)[0m
  [1m[36mActiveRecord::SchemaMigration Load (0.2ms)[0m  [1m[34mSELECT "schema_migrations"."version" FROM "schema_migrations" ORDER BY "schema_migrations"."version" ASC[0m
  [1m[36mActiveRecord::SchemaMigration Load (0.5ms)[0m  [1m[34mSELECT "schema_migrations"."version" FROM "schema_migrations" ORDER BY "schema_migrations"."version" ASC[0m
  [1m[36mTRANSACTION (0.1ms)[0m  [1m[35mBEGIN[0m
  [1m[36mUser Exists? (1.7ms)[0m  [1m[34mSELECT 1 AS one FROM "users" WHERE "users"."email" = $1 LIMIT $2[0m  [["email", "admin@example.com"], ["LIMIT", 1]]
  [1m[36mUser Create (0.6ms)[0m  [1m[32mINSERT INTO "users" ("email", "encrypted_password", "reset_password_token", "reset_password_sent_at", "remember_created_at", "name", "role", "created_at", "updated_at") VALUES ($1, $2, $3, $4, $5, $6, $7, $8, $9) RETURNING "id"[0m  [["email", "admin@example.com"], ["encrypted_password", "[FILTERED]"], ["reset_password_token", "[FILTERED]"], ["reset_password_sent_at", "[FILTERED]"], ["remember_created_at", nil], ["name", "Site Admin"], ["role", 1], ["created_at", "2025-05-08 07:30:37.585066"], ["updated_at", "2025-05-08 07:30:37.585066"]]
  [1m[36mTRANSACTION (5.4ms)[0m  [1m[35mCOMMIT[0m
  [1m[36mTRANSACTION (0.1ms)[0m  [1m[35mBEGIN[0m
  [1m[36mUser Exists? (1.4ms)[0m  [1m[34mSELECT 1 AS one FROM "users" WHERE "users"."email" = $1 LIMIT $2[0m  [["email", "candidate\#{i+1}@example.com"], ["LIMIT", 1]]
  [1m[36mUser Create (0.4ms)[0m  [1m[32mINSERT INTO "users" ("email", "encrypted_password", "reset_password_token", "reset_password_sent_at", "remember_created_at", "name", "role", "created_at", "updated_at") VALUES ($1, $2, $3, $4, $5, $6, $7, $8, $9) RETURNING "id"[0m  [["email", "candidate\#{i+1}@example.com"], ["encrypted_password", "[FILTERED]"], ["reset_password_token", "[FILTERED]"], ["reset_password_sent_at", "[FILTERED]"], ["remember_created_at", nil], ["name", "Candidate \#{i+1}"], ["role", 0], ["created_at", "2025-05-08 07:30:37.867592"], ["updated_at", "2025-05-08 07:30:37.867592"]]
  [1m[36mTRANSACTION (5.5ms)[0m  [1m[35mCOMMIT[0m
  [1m[36mTRANSACTION (0.2ms)[0m  [1m[35mBEGIN[0m
  [1m[36mJobApplication Create (2.0ms)[0m  [1m[32mINSERT INTO "job_applications" ("title", "company", "user_id", "created_at", "updated_at") VALUES ($1, $2, $3, $4, $5) RETURNING "id"[0m  [["title", "Position \#{j+1}"], ["company", "Company \#{j+1}"], ["user_id", 2], ["created_at", "2025-05-08 07:30:37.981675"], ["updated_at", "2025-05-08 07:30:37.981675"]]
  [1m[36mTRANSACTION (5.8ms)[0m  [1m[35mCOMMIT[0m
  [1m[36mTRANSACTION (0.2ms)[0m  [1m[35mBEGIN[0m
  [1m[36mJobApplication Create (2.4ms)[0m  [1m[32mINSERT INTO "job_applications" ("title", "company", "user_id", "created_at", "updated_at") VALUES ($1, $2, $3, $4, $5) RETURNING "id"[0m  [["title", "Position \#{j+1}"], ["company", "Company \#{j+1}"], ["user_id", 2], ["created_at", "2025-05-08 07:30:37.993882"], ["updated_at", "2025-05-08 07:30:37.993882"]]
  [1m[36mTRANSACTION (5.7ms)[0m  [1m[35mCOMMIT[0m
  [1m[36mTRANSACTION (0.1ms)[0m  [1m[35mBEGIN[0m
  [1m[36mUser Exists? (1.5ms)[0m  [1m[34mSELECT 1 AS one FROM "users" WHERE "users"."email" = $1 LIMIT $2[0m  [["email", "candidate\#{i+1}@example.com"], ["LIMIT", 1]]
  [1m[36mTRANSACTION (0.2ms)[0m  [1m[31mROLLBACK[0m
  [1m[36mUser Load (0.4ms)[0m  [1m[34mSELECT "users".* FROM "users" ORDER BY "users"."id" DESC LIMIT $1[0m  [["LIMIT", 1]]
  [1m[36mUser Count (0.9ms)[0m  [1m[34mSELECT COUNT(*) FROM "users"[0m
  [1m[36mUser Load (0.7ms)[0m  [1m[34mSELECT "users".* FROM "users" /* loading for pp */ LIMIT $1[0m  [["LIMIT", 11]]
  [1m[36mJobApplication Count (0.6ms)[0m  [1m[34mSELECT COUNT(*) FROM "job_applications"[0m
  [1m[36mJobApplication Load (0.5ms)[0m  [1m[34mSELECT "job_applications".* FROM "job_applications" /* loading for pp */ LIMIT $1[0m  [["LIMIT", 11]]
  [1m[36mActiveRecord::SchemaMigration Load (0.6ms)[0m  [1m[34mSELECT "schema_migrations"."version" FROM "schema_migrations" ORDER BY "schema_migrations"."version" ASC[0m
  [1m[36mActiveRecord::InternalMetadata Load (0.8ms)[0m  [1m[34mSELECT * FROM "ar_internal_metadata" WHERE "ar_internal_metadata"."key" = $1 ORDER BY "ar_internal_metadata"."key" ASC LIMIT 1[0m  [[nil, "environment"]]
  [1m[36mActiveRecord::SchemaMigration Load (0.3ms)[0m  [1m[34mSELECT "schema_migrations"."version" FROM "schema_migrations" ORDER BY "schema_migrations"."version" ASC[0m
  [1m[36mActiveRecord::InternalMetadata Load (0.3ms)[0m  [1m[34mSELECT * FROM "ar_internal_metadata" WHERE "ar_internal_metadata"."key" = $1 ORDER BY "ar_internal_metadata"."key" ASC LIMIT 1[0m  [[nil, "environment"]]
  [1m[36mActiveRecord::SchemaMigration Load (0.2ms)[0m  [1m[34mSELECT "schema_migrations"."version" FROM "schema_migrations" ORDER BY "schema_migrations"."version" ASC[0m
  [1m[36mActiveRecord::InternalMetadata Load (0.3ms)[0m  [1m[34mSELECT * FROM "ar_internal_metadata" WHERE "ar_internal_metadata"."key" = $1 ORDER BY "ar_internal_metadata"."key" ASC LIMIT 1[0m  [[nil, "environment"]]
  [1m[35m (5008.7ms)[0m  [1m[35mDROP DATABASE IF EXISTS "job_portal_development"[0m
  [1m[36mActiveRecord::SchemaMigration Load (0.7ms)[0m  [1m[34mSELECT "schema_migrations"."version" FROM "schema_migrations" ORDER BY "schema_migrations"."version" ASC[0m
  [1m[36mActiveRecord::InternalMetadata Load (0.8ms)[0m  [1m[34mSELECT * FROM "ar_internal_metadata" WHERE "ar_internal_metadata"."key" = $1 ORDER BY "ar_internal_metadata"."key" ASC LIMIT 1[0m  [[nil, "environment"]]
  [1m[36mActiveRecord::SchemaMigration Load (0.2ms)[0m  [1m[34mSELECT "schema_migrations"."version" FROM "schema_migrations" ORDER BY "schema_migrations"."version" ASC[0m
  [1m[36mActiveRecord::InternalMetadata Load (0.3ms)[0m  [1m[34mSELECT * FROM "ar_internal_metadata" WHERE "ar_internal_metadata"."key" = $1 ORDER BY "ar_internal_metadata"."key" ASC LIMIT 1[0m  [[nil, "environment"]]
  [1m[36mActiveRecord::SchemaMigration Load (0.2ms)[0m  [1m[34mSELECT "schema_migrations"."version" FROM "schema_migrations" ORDER BY "schema_migrations"."version" ASC[0m
  [1m[36mActiveRecord::InternalMetadata Load (0.3ms)[0m  [1m[34mSELECT * FROM "ar_internal_metadata" WHERE "ar_internal_metadata"."key" = $1 ORDER BY "ar_internal_metadata"."key" ASC LIMIT 1[0m  [[nil, "environment"]]
  [1m[35m (5009.2ms)[0m  [1m[35mDROP DATABASE IF EXISTS "job_portal_development"[0m
  [1m[36mActiveRecord::SchemaMigration Load (0.6ms)[0m  [1m[34mSELECT "schema_migrations"."version" FROM "schema_migrations" ORDER BY "schema_migrations"."version" ASC[0m
  [1m[36mActiveRecord::InternalMetadata Load (0.7ms)[0m  [1m[34mSELECT * FROM "ar_internal_metadata" WHERE "ar_internal_metadata"."key" = $1 ORDER BY "ar_internal_metadata"."key" ASC LIMIT 1[0m  [[nil, "environment"]]
  [1m[36mActiveRecord::SchemaMigration Load (0.2ms)[0m  [1m[34mSELECT "schema_migrations"."version" FROM "schema_migrations" ORDER BY "schema_migrations"."version" ASC[0m
  [1m[36mActiveRecord::InternalMetadata Load (0.3ms)[0m  [1m[34mSELECT * FROM "ar_internal_metadata" WHERE "ar_internal_metadata"."key" = $1 ORDER BY "ar_internal_metadata"."key" ASC LIMIT 1[0m  [[nil, "environment"]]
  [1m[36mActiveRecord::SchemaMigration Load (0.2ms)[0m  [1m[34mSELECT "schema_migrations"."version" FROM "schema_migrations" ORDER BY "schema_migrations"."version" ASC[0m
  [1m[36mActiveRecord::InternalMetadata Load (0.4ms)[0m  [1m[34mSELECT * FROM "ar_internal_metadata" WHERE "ar_internal_metadata"."key" = $1 ORDER BY "ar_internal_metadata"."key" ASC LIMIT 1[0m  [[nil, "environment"]]
  [1m[35m (97.0ms)[0m  [1m[35mDROP DATABASE IF EXISTS "job_portal_development"[0m
  [1m[35m (112.0ms)[0m  [1m[35mDROP DATABASE IF EXISTS "job_portal_test"[0m
  [1m[35m (81.1ms)[0m  [1m[35mCREATE DATABASE "job_portal_development" ENCODING = 'unicode'[0m
  [1m[35m (88.7ms)[0m  [1m[35mCREATE DATABASE "job_portal_test" ENCODING = 'unicode'[0m
  [1m[35m (27.8ms)[0m  [1m[35mCREATE TABLE "schema_migrations" ("version" character varying NOT NULL PRIMARY KEY)[0m
  [1m[35m (31.3ms)[0m  [1m[35mCREATE TABLE "ar_internal_metadata" ("key" character varying NOT NULL PRIMARY KEY, "value" character varying, "created_at" timestamp(6) NOT NULL, "updated_at" timestamp(6) NOT NULL)[0m
  [1m[35m (0.4ms)[0m  [1m[34mSELECT pg_try_advisory_lock(3376815745436005845)[0m
  [1m[36mActiveRecord::SchemaMigration Load (1.0ms)[0m  [1m[34mSELECT "schema_migrations"."version" FROM "schema_migrations" ORDER BY "schema_migrations"."version" ASC[0m
  [1m[36mActiveRecord::InternalMetadata Load (2.0ms)[0m  [1m[34mSELECT * FROM "ar_internal_metadata" WHERE "ar_internal_metadata"."key" = $1 ORDER BY "ar_internal_metadata"."key" ASC LIMIT 1[0m  [[nil, "environment"]]
  [1m[36mActiveRecord::InternalMetadata Create (6.7ms)[0m  [1m[32mINSERT INTO "ar_internal_metadata" ("key", "value", "created_at", "updated_at") VALUES ('environment', 'development', '2025-05-08 07:36:44.058782', '2025-05-08 07:36:44.058792') RETURNING "key"[0m
Migrating to DeviseCreateUsers (20250508070134)
  [1m[36mTRANSACTION (0.4ms)[0m  [1m[35mBEGIN[0m
  [1m[35m (31.2ms)[0m  [1m[35mCREATE TABLE "users" ("id" bigserial primary key, "email" character varying DEFAULT '' NOT NULL, "encrypted_password" character varying DEFAULT '' NOT NULL, "reset_password_token" character varying, "reset_password_sent_at" timestamp(6), "remember_created_at" timestamp(6), "name" character varying, "role" integer DEFAULT 0 NOT NULL, "created_at" timestamp(6) NOT NULL, "updated_at" timestamp(6) NOT NULL)[0m
  [1m[35m (12.2ms)[0m  [1m[35mCREATE UNIQUE INDEX "index_users_on_email" ON "users" ("email")[0m
  [1m[35m (18.7ms)[0m  [1m[35mCREATE UNIQUE INDEX "index_users_on_reset_password_token" ON "users" ("reset_password_token")[0m
  [1m[36mActiveRecord::SchemaMigration Create (0.4ms)[0m  [1m[32mINSERT INTO "schema_migrations" ("version") VALUES ('20250508070134') RETURNING "version"[0m
  [1m[36mTRANSACTION (5.5ms)[0m  [1m[35mCOMMIT[0m
Migrating to CreateJwtDenylists (20250508071223)
  [1m[36mTRANSACTION (0.4ms)[0m  [1m[35mBEGIN[0m
  [1m[35m (32.0ms)[0m  [1m[35mCREATE TABLE "jwt_denylists" ("id" bigserial primary key, "jti" character varying, "exp" timestamp(6), "created_at" timestamp(6) NOT NULL, "updated_at" timestamp(6) NOT NULL)[0m
  [1m[35m (13.9ms)[0m  [1m[35mCREATE UNIQUE INDEX "index_jwt_denylists_on_jti" ON "jwt_denylists" ("jti")[0m
  [1m[35m (12.6ms)[0m  [1m[35mCREATE INDEX "index_jwt_denylists_on_exp" ON "jwt_denylists" ("exp")[0m
  [1m[36mActiveRecord::SchemaMigration Create (0.7ms)[0m  [1m[32mINSERT INTO "schema_migrations" ("version") VALUES ('20250508071223') RETURNING "version"[0m
  [1m[36mTRANSACTION (5.7ms)[0m  [1m[35mCOMMIT[0m
Migrating to CreateJobApplications (20250508072911)
  [1m[36mTRANSACTION (0.3ms)[0m  [1m[35mBEGIN[0m
  [1m[35m (26.4ms)[0m  [1m[35mCREATE TABLE "job_applications" ("id" bigserial primary key, "title" character varying, "company" character varying, "user_id" bigint NOT NULL, "created_at" timestamp(6) NOT NULL, "updated_at" timestamp(6) NOT NULL, CONSTRAINT "fk_rails_0e9ee51b69"
FOREIGN KEY ("user_id")
  REFERENCES "users" ("id")
)[0m
  [1m[35m (11.9ms)[0m  [1m[35mCREATE INDEX "index_job_applications_on_user_id" ON "job_applications" ("user_id")[0m
  [1m[36mActiveRecord::SchemaMigration Create (0.8ms)[0m  [1m[32mINSERT INTO "schema_migrations" ("version") VALUES ('20250508072911') RETURNING "version"[0m
  [1m[36mTRANSACTION (6.4ms)[0m  [1m[35mCOMMIT[0m
  [1m[35m (0.7ms)[0m  [1m[34mSELECT pg_advisory_unlock(3376815745436005845)[0m
  [1m[36mActiveRecord::SchemaMigration Load (0.3ms)[0m  [1m[34mSELECT "schema_migrations"."version" FROM "schema_migrations" ORDER BY "schema_migrations"."version" ASC[0m
  [1m[36mActiveRecord::SchemaMigration Load (0.5ms)[0m  [1m[34mSELECT "schema_migrations"."version" FROM "schema_migrations" ORDER BY "schema_migrations"."version" ASC[0m
  [1m[36mUser Load (0.4ms)[0m  [1m[34mSELECT "users".* FROM "users" WHERE "users"."email" = $1 LIMIT $2[0m  [["email", "admin@example.com"], ["LIMIT", 1]]
  [1m[36mTRANSACTION (0.2ms)[0m  [1m[35mBEGIN[0m
  [1m[36mUser Exists? (0.3ms)[0m  [1m[34mSELECT 1 AS one FROM "users" WHERE "users"."email" = $1 LIMIT $2[0m  [["email", "admin@example.com"], ["LIMIT", 1]]
  [1m[36mUser Create (0.7ms)[0m  [1m[32mINSERT INTO "users" ("email", "encrypted_password", "reset_password_token", "reset_password_sent_at", "remember_created_at", "name", "role", "created_at", "updated_at") VALUES ($1, $2, $3, $4, $5, $6, $7, $8, $9) RETURNING "id"[0m  [["email", "admin@example.com"], ["encrypted_password", "[FILTERED]"], ["reset_password_token", "[FILTERED]"], ["reset_password_sent_at", "[FILTERED]"], ["remember_created_at", nil], ["name", "Site Admin"], ["role", 1], ["created_at", "2025-05-08 07:37:27.939174"], ["updated_at", "2025-05-08 07:37:27.939174"]]
  [1m[36mTRANSACTION (5.2ms)[0m  [1m[35mCOMMIT[0m
  [1m[36mUser Load (0.3ms)[0m  [1m[34mSELECT "users".* FROM "users" WHERE "users"."email" = $1 LIMIT $2[0m  [["email", "candidate1@example.com"], ["LIMIT", 1]]
  [1m[36mTRANSACTION (0.1ms)[0m  [1m[35mBEGIN[0m
  [1m[36mUser Exists? (1.5ms)[0m  [1m[34mSELECT 1 AS one FROM "users" WHERE "users"."email" = $1 LIMIT $2[0m  [["email", "candidate1@example.com"], ["LIMIT", 1]]
  [1m[36mUser Create (0.4ms)[0m  [1m[32mINSERT INTO "users" ("email", "encrypted_password", "reset_password_token", "reset_password_sent_at", "remember_created_at", "name", "role", "created_at", "updated_at") VALUES ($1, $2, $3, $4, $5, $6, $7, $8, $9) RETURNING "id"[0m  [["email", "candidate1@example.com"], ["encrypted_password", "[FILTERED]"], ["reset_password_token", "[FILTERED]"], ["reset_password_sent_at", "[FILTERED]"], ["remember_created_at", nil], ["name", "Candidate 1"], ["role", 0], ["created_at", "2025-05-08 07:37:28.224028"], ["updated_at", "2025-05-08 07:37:28.224028"]]
  [1m[36mTRANSACTION (5.7ms)[0m  [1m[35mCOMMIT[0m
  [1m[36mJobApplication Load (0.4ms)[0m  [1m[34mSELECT "job_applications".* FROM "job_applications" WHERE "job_applications"."user_id" = $1 AND "job_applications"."title" = $2 AND "job_applications"."company" = $3 LIMIT $4[0m  [["user_id", 2], ["title", "Position 1"], ["company", "Company 1"], ["LIMIT", 1]]
  [1m[36mTRANSACTION (0.2ms)[0m  [1m[35mBEGIN[0m
  [1m[36mJobApplication Create (1.9ms)[0m  [1m[32mINSERT INTO "job_applications" ("title", "company", "user_id", "created_at", "updated_at") VALUES ($1, $2, $3, $4, $5) RETURNING "id"[0m  [["title", "Position 1"], ["company", "Company 1"], ["user_id", 2], ["created_at", "2025-05-08 07:37:28.258328"], ["updated_at", "2025-05-08 07:37:28.258328"]]
  [1m[36mTRANSACTION (5.7ms)[0m  [1m[35mCOMMIT[0m
  [1m[36mJobApplication Load (0.3ms)[0m  [1m[34mSELECT "job_applications".* FROM "job_applications" WHERE "job_applications"."user_id" = $1 AND "job_applications"."title" = $2 AND "job_applications"."company" = $3 LIMIT $4[0m  [["user_id", 2], ["title", "Position 2"], ["company", "Company 2"], ["LIMIT", 1]]
  [1m[36mTRANSACTION (0.2ms)[0m  [1m[35mBEGIN[0m
  [1m[36mJobApplication Create (1.6ms)[0m  [1m[32mINSERT INTO "job_applications" ("title", "company", "user_id", "created_at", "updated_at") VALUES ($1, $2, $3, $4, $5) RETURNING "id"[0m  [["title", "Position 2"], ["company", "Company 2"], ["user_id", 2], ["created_at", "2025-05-08 07:37:28.271252"], ["updated_at", "2025-05-08 07:37:28.271252"]]
  [1m[36mTRANSACTION (5.4ms)[0m  [1m[35mCOMMIT[0m
  [1m[36mUser Load (0.3ms)[0m  [1m[34mSELECT "users".* FROM "users" WHERE "users"."email" = $1 LIMIT $2[0m  [["email", "candidate2@example.com"], ["LIMIT", 1]]
  [1m[36mTRANSACTION (0.2ms)[0m  [1m[35mBEGIN[0m
  [1m[36mUser Exists? (1.5ms)[0m  [1m[34mSELECT 1 AS one FROM "users" WHERE "users"."email" = $1 LIMIT $2[0m  [["email", "candidate2@example.com"], ["LIMIT", 1]]
  [1m[36mUser Create (0.4ms)[0m  [1m[32mINSERT INTO "users" ("email", "encrypted_password", "reset_password_token", "reset_password_sent_at", "remember_created_at", "name", "role", "created_at", "updated_at") VALUES ($1, $2, $3, $4, $5, $6, $7, $8, $9) RETURNING "id"[0m  [["email", "candidate2@example.com"], ["encrypted_password", "[FILTERED]"], ["reset_password_token", "[FILTERED]"], ["reset_password_sent_at", "[FILTERED]"], ["remember_created_at", nil], ["name", "Candidate 2"], ["role", 0], ["created_at", "2025-05-08 07:37:28.552821"], ["updated_at", "2025-05-08 07:37:28.552821"]]
  [1m[36mTRANSACTION (5.5ms)[0m  [1m[35mCOMMIT[0m
  [1m[36mJobApplication Load (0.3ms)[0m  [1m[34mSELECT "job_applications".* FROM "job_applications" WHERE "job_applications"."user_id" = $1 AND "job_applications"."title" = $2 AND "job_applications"."company" = $3 LIMIT $4[0m  [["user_id", 3], ["title", "Position 1"], ["company", "Company 1"], ["LIMIT", 1]]
  [1m[36mTRANSACTION (0.2ms)[0m  [1m[35mBEGIN[0m
  [1m[36mJobApplication Create (1.5ms)[0m  [1m[32mINSERT INTO "job_applications" ("title", "company", "user_id", "created_at", "updated_at") VALUES ($1, $2, $3, $4, $5) RETURNING "id"[0m  [["title", "Position 1"], ["company", "Company 1"], ["user_id", 3], ["created_at", "2025-05-08 07:37:28.563924"], ["updated_at", "2025-05-08 07:37:28.563924"]]
  [1m[36mTRANSACTION (5.8ms)[0m  [1m[35mCOMMIT[0m
  [1m[36mJobApplication Load (0.3ms)[0m  [1m[34mSELECT "job_applications".* FROM "job_applications" WHERE "job_applications"."user_id" = $1 AND "job_applications"."title" = $2 AND "job_applications"."company" = $3 LIMIT $4[0m  [["user_id", 3], ["title", "Position 2"], ["company", "Company 2"], ["LIMIT", 1]]
  [1m[36mTRANSACTION (0.2ms)[0m  [1m[35mBEGIN[0m
  [1m[36mJobApplication Create (1.6ms)[0m  [1m[32mINSERT INTO "job_applications" ("title", "company", "user_id", "created_at", "updated_at") VALUES ($1, $2, $3, $4, $5) RETURNING "id"[0m  [["title", "Position 2"], ["company", "Company 2"], ["user_id", 3], ["created_at", "2025-05-08 07:37:28.576061"], ["updated_at", "2025-05-08 07:37:28.576061"]]
  [1m[36mTRANSACTION (5.8ms)[0m  [1m[35mCOMMIT[0m
  [1m[36mUser Count (0.6ms)[0m  [1m[34mSELECT COUNT(*) FROM "users"[0m
  [1m[36mUser Load (0.2ms)[0m  [1m[34mSELECT "users".* FROM "users" /* loading for pp */ LIMIT $1[0m  [["LIMIT", 11]]
  [1m[36mJobApplication Load (0.9ms)[0m  [1m[34mSELECT "job_applications".* FROM "job_applications" /* loading for pp */ LIMIT $1[0m  [["LIMIT", 11]]
Started POST "/login" for ::1 at 2025-05-08 13:26:46 +0530
  [1m[36mActiveRecord::SchemaMigration Load (0.6ms)[0m  [1m[34mSELECT "schema_migrations"."version" FROM "schema_migrations" ORDER BY "schema_migrations"."version" ASC[0m
  
ActionController::RoutingError (uninitialized constant Devise::Jwt
Did you mean?  Devise::JWT
               JWT):
  
Started POST "/login" for ::1 at 2025-05-08 13:30:31 +0530
  
ActionController::RoutingError (uninitialized constant Devise::Jwt
Did you mean?  Devise::JWT
               JWT):
  
Started POST "/login" for ::1 at 2025-05-08 13:31:25 +0530
  
ActionController::RoutingError (uninitialized constant Devise::Jwt
Did you mean?  Devise::JWT
               JWT):
  
Started POST "/users/sign_in" for ::1 at 2025-05-08 13:58:52 +0530
  [1m[36mActiveRecord::SchemaMigration Load (0.6ms)[0m  [1m[34mSELECT "schema_migrations"."version" FROM "schema_migrations" ORDER BY "schema_migrations"."version" ASC[0m
Processing by Users::SessionsController#create as */*
  Parameters: {"user"=>{"email"=>"admin@example.com", "password"=>"[FILTERED]"}, "session"=>{"user"=>{"email"=>"admin@example.com", "password"=>"[FILTERED]"}}}
  [1m[36mUser Load (0.6ms)[0m  [1m[34mSELECT "users".* FROM "users" WHERE "users"."email" = $1 ORDER BY "users"."id" ASC LIMIT $2[0m  [["email", "admin@example.com"], ["LIMIT", 1]]
Completed 200 OK in 341ms (Views: 0.5ms | ActiveRecord: 14.6ms | Allocations: 31020)


Started GET "/users" for ::1 at 2025-05-08 14:03:38 +0530
Processing by UsersController#index as */*
Completed 401 Unauthorized in 1ms (ActiveRecord: 0.0ms | Allocations: 237)


  
ActionDispatch::Request::Session::DisabledSessionError (Your application has sessions disabled. To write to the session you must first configure a session store):
  
actionpack (7.1.5.1) lib/action_dispatch/request/session.rb:260:in `load_for_write!'
actionpack (7.1.5.1) lib/action_dispatch/request/session.rb:153:in `[]='
devise (4.9.4) lib/devise/controllers/store_location.rb:40:in `store_location_for'
devise (4.9.4) lib/devise/failure_app.rb:256:in `store_location!'
devise (4.9.4) lib/devise/failure_app.rb:87:in `redirect'
devise (4.9.4) lib/devise/failure_app.rb:48:in `respond'
actionpack (7.1.5.1) lib/abstract_controller/base.rb:224:in `process_action'
actionpack (7.1.5.1) lib/abstract_controller/callbacks.rb:259:in `block in process_action'
activesupport (7.1.5.1) lib/active_support/callbacks.rb:121:in `block in run_callbacks'
i18n (1.14.7) lib/i18n.rb:353:in `with_locale'
devise (4.9.4) lib/devise/failure_app.rb:23:in `block in <class:FailureApp>'
activesupport (7.1.5.1) lib/active_support/callbacks.rb:130:in `instance_exec'
activesupport (7.1.5.1) lib/active_support/callbacks.rb:130:in `block in run_callbacks'
activesupport (7.1.5.1) lib/active_support/callbacks.rb:141:in `run_callbacks'
actionpack (7.1.5.1) lib/abstract_controller/callbacks.rb:258:in `process_action'
actionpack (7.1.5.1) lib/abstract_controller/base.rb:160:in `process'
actionpack (7.1.5.1) lib/action_controller/metal.rb:227:in `dispatch'
actionpack (7.1.5.1) lib/action_controller/metal.rb:293:in `block in action'
devise (4.9.4) lib/devise/failure_app.rb:28:in `call'
devise (4.9.4) lib/devise/delegator.rb:7:in `call'
warden (1.2.9) lib/warden/manager.rb:143:in `call_failure_app'
warden (1.2.9) lib/warden/manager.rb:129:in `process_unauthenticated'
warden (1.2.9) lib/warden/manager.rb:44:in `call'
rack (3.1.14) lib/rack/etag.rb:29:in `call'
rack (3.1.14) lib/rack/conditional_get.rb:31:in `call'
rack (3.1.14) lib/rack/head.rb:15:in `call'
activerecord (7.1.5.1) lib/active_record/migration.rb:655:in `call'
actionpack (7.1.5.1) lib/action_dispatch/middleware/callbacks.rb:29:in `block in call'
activesupport (7.1.5.1) lib/active_support/callbacks.rb:101:in `run_callbacks'
actionpack (7.1.5.1) lib/action_dispatch/middleware/callbacks.rb:28:in `call'
actionpack (7.1.5.1) lib/action_dispatch/middleware/executor.rb:14:in `call'
actionpack (7.1.5.1) lib/action_dispatch/middleware/actionable_exceptions.rb:16:in `call'
actionpack (7.1.5.1) lib/action_dispatch/middleware/debug_exceptions.rb:29:in `call'
actionpack (7.1.5.1) lib/action_dispatch/middleware/show_exceptions.rb:31:in `call'
railties (7.1.5.1) lib/rails/rack/logger.rb:37:in `call_app'
railties (7.1.5.1) lib/rails/rack/logger.rb:24:in `block in call'
activesupport (7.1.5.1) lib/active_support/tagged_logging.rb:139:in `block in tagged'
activesupport (7.1.5.1) lib/active_support/tagged_logging.rb:39:in `tagged'
activesupport (7.1.5.1) lib/active_support/tagged_logging.rb:139:in `tagged'
activesupport (7.1.5.1) lib/active_support/broadcast_logger.rb:241:in `method_missing'
railties (7.1.5.1) lib/rails/rack/logger.rb:24:in `call'
actionpack (7.1.5.1) lib/action_dispatch/middleware/remote_ip.rb:92:in `call'
actionpack (7.1.5.1) lib/action_dispatch/middleware/request_id.rb:28:in `call'
rack (3.1.14) lib/rack/runtime.rb:24:in `call'
activesupport (7.1.5.1) lib/active_support/cache/strategy/local_cache_middleware.rb:29:in `call'
actionpack (7.1.5.1) lib/action_dispatch/middleware/server_timing.rb:59:in `block in call'
actionpack (7.1.5.1) lib/action_dispatch/middleware/server_timing.rb:24:in `collect_events'
actionpack (7.1.5.1) lib/action_dispatch/middleware/server_timing.rb:58:in `call'
actionpack (7.1.5.1) lib/action_dispatch/middleware/executor.rb:14:in `call'
actionpack (7.1.5.1) lib/action_dispatch/middleware/static.rb:25:in `call'
rack (3.1.14) lib/rack/sendfile.rb:114:in `call'
actionpack (7.1.5.1) lib/action_dispatch/middleware/host_authorization.rb:141:in `call'
railties (7.1.5.1) lib/rails/engine.rb:536:in `call'
puma (6.6.0) lib/puma/configuration.rb:279:in `call'
puma (6.6.0) lib/puma/request.rb:99:in `block in handle_request'
puma (6.6.0) lib/puma/thread_pool.rb:390:in `with_force_shutdown'
puma (6.6.0) lib/puma/request.rb:98:in `handle_request'
puma (6.6.0) lib/puma/server.rb:472:in `process_client'
puma (6.6.0) lib/puma/server.rb:254:in `block in run'
puma (6.6.0) lib/puma/thread_pool.rb:167:in `block in spawn_thread'
Started GET "/users" for ::1 at 2025-05-08 14:04:20 +0530
Processing by UsersController#index as */*
Completed 401 Unauthorized in 1ms (ActiveRecord: 0.0ms | Allocations: 112)


  
ActionDispatch::Request::Session::DisabledSessionError (Your application has sessions disabled. To write to the session you must first configure a session store):
  
actionpack (7.1.5.1) lib/action_dispatch/request/session.rb:260:in `load_for_write!'
actionpack (7.1.5.1) lib/action_dispatch/request/session.rb:153:in `[]='
devise (4.9.4) lib/devise/controllers/store_location.rb:40:in `store_location_for'
devise (4.9.4) lib/devise/failure_app.rb:256:in `store_location!'
devise (4.9.4) lib/devise/failure_app.rb:87:in `redirect'
devise (4.9.4) lib/devise/failure_app.rb:48:in `respond'
actionpack (7.1.5.1) lib/abstract_controller/base.rb:224:in `process_action'
actionpack (7.1.5.1) lib/abstract_controller/callbacks.rb:259:in `block in process_action'
activesupport (7.1.5.1) lib/active_support/callbacks.rb:121:in `block in run_callbacks'
i18n (1.14.7) lib/i18n.rb:353:in `with_locale'
devise (4.9.4) lib/devise/failure_app.rb:23:in `block in <class:FailureApp>'
activesupport (7.1.5.1) lib/active_support/callbacks.rb:130:in `instance_exec'
activesupport (7.1.5.1) lib/active_support/callbacks.rb:130:in `block in run_callbacks'
activesupport (7.1.5.1) lib/active_support/callbacks.rb:141:in `run_callbacks'
actionpack (7.1.5.1) lib/abstract_controller/callbacks.rb:258:in `process_action'
actionpack (7.1.5.1) lib/abstract_controller/base.rb:160:in `process'
actionpack (7.1.5.1) lib/action_controller/metal.rb:227:in `dispatch'
actionpack (7.1.5.1) lib/action_controller/metal.rb:293:in `block in action'
devise (4.9.4) lib/devise/failure_app.rb:28:in `call'
devise (4.9.4) lib/devise/delegator.rb:7:in `call'
warden (1.2.9) lib/warden/manager.rb:143:in `call_failure_app'
warden (1.2.9) lib/warden/manager.rb:129:in `process_unauthenticated'
warden (1.2.9) lib/warden/manager.rb:44:in `call'
rack (3.1.14) lib/rack/etag.rb:29:in `call'
rack (3.1.14) lib/rack/conditional_get.rb:31:in `call'
rack (3.1.14) lib/rack/head.rb:15:in `call'
activerecord (7.1.5.1) lib/active_record/migration.rb:655:in `call'
actionpack (7.1.5.1) lib/action_dispatch/middleware/callbacks.rb:29:in `block in call'
activesupport (7.1.5.1) lib/active_support/callbacks.rb:101:in `run_callbacks'
actionpack (7.1.5.1) lib/action_dispatch/middleware/callbacks.rb:28:in `call'
actionpack (7.1.5.1) lib/action_dispatch/middleware/executor.rb:14:in `call'
actionpack (7.1.5.1) lib/action_dispatch/middleware/actionable_exceptions.rb:16:in `call'
actionpack (7.1.5.1) lib/action_dispatch/middleware/debug_exceptions.rb:29:in `call'
actionpack (7.1.5.1) lib/action_dispatch/middleware/show_exceptions.rb:31:in `call'
railties (7.1.5.1) lib/rails/rack/logger.rb:37:in `call_app'
railties (7.1.5.1) lib/rails/rack/logger.rb:24:in `block in call'
activesupport (7.1.5.1) lib/active_support/tagged_logging.rb:139:in `block in tagged'
activesupport (7.1.5.1) lib/active_support/tagged_logging.rb:39:in `tagged'
activesupport (7.1.5.1) lib/active_support/tagged_logging.rb:139:in `tagged'
activesupport (7.1.5.1) lib/active_support/broadcast_logger.rb:241:in `method_missing'
railties (7.1.5.1) lib/rails/rack/logger.rb:24:in `call'
actionpack (7.1.5.1) lib/action_dispatch/middleware/remote_ip.rb:92:in `call'
actionpack (7.1.5.1) lib/action_dispatch/middleware/request_id.rb:28:in `call'
rack (3.1.14) lib/rack/runtime.rb:24:in `call'
activesupport (7.1.5.1) lib/active_support/cache/strategy/local_cache_middleware.rb:29:in `call'
actionpack (7.1.5.1) lib/action_dispatch/middleware/server_timing.rb:59:in `block in call'
actionpack (7.1.5.1) lib/action_dispatch/middleware/server_timing.rb:24:in `collect_events'
actionpack (7.1.5.1) lib/action_dispatch/middleware/server_timing.rb:58:in `call'
actionpack (7.1.5.1) lib/action_dispatch/middleware/executor.rb:14:in `call'
actionpack (7.1.5.1) lib/action_dispatch/middleware/static.rb:25:in `call'
rack (3.1.14) lib/rack/sendfile.rb:114:in `call'
actionpack (7.1.5.1) lib/action_dispatch/middleware/host_authorization.rb:141:in `call'
railties (7.1.5.1) lib/rails/engine.rb:536:in `call'
puma (6.6.0) lib/puma/configuration.rb:279:in `call'
puma (6.6.0) lib/puma/request.rb:99:in `block in handle_request'
puma (6.6.0) lib/puma/thread_pool.rb:390:in `with_force_shutdown'
puma (6.6.0) lib/puma/request.rb:98:in `handle_request'
puma (6.6.0) lib/puma/server.rb:472:in `process_client'
puma (6.6.0) lib/puma/server.rb:254:in `block in run'
puma (6.6.0) lib/puma/thread_pool.rb:167:in `block in spawn_thread'
Started POST "/users/sign_in" for ::1 at 2025-05-08 14:05:18 +0530
Processing by Users::SessionsController#create as */*
  Parameters: {"user"=>{"email"=>"admin@example.com", "password"=>"[FILTERED]"}, "session"=>{"user"=>{"email"=>"admin@example.com", "password"=>"[FILTERED]"}}}
  [1m[36mUser Load (0.6ms)[0m  [1m[34mSELECT "users".* FROM "users" WHERE "users"."email" = $1 ORDER BY "users"."id" ASC LIMIT $2[0m  [["email", "admin@example.com"], ["LIMIT", 1]]
Completed 200 OK in 332ms (Views: 0.5ms | ActiveRecord: 6.3ms | Allocations: 4551)


Started POST "/users/sign_in" for ::1 at 2025-05-08 14:06:53 +0530
Processing by Users::SessionsController#create as */*
  Parameters: {"user"=>{"email"=>"admin@example.com", "password"=>"[FILTERED]"}, "session"=>{"user"=>{"email"=>"admin@example.com", "password"=>"[FILTERED]"}}}
  [1m[36mUser Load (0.3ms)[0m  [1m[34mSELECT "users".* FROM "users" WHERE "users"."email" = $1 ORDER BY "users"."id" ASC LIMIT $2[0m  [["email", "admin@example.com"], ["LIMIT", 1]]
Completed 200 OK in 301ms (Views: 0.2ms | ActiveRecord: 5.5ms | Allocations: 6931)


Started GET "/users/1" for ::1 at 2025-05-08 14:08:43 +0530
Processing by UsersController#show as */*
  Parameters: {"id"=>"1"}
Completed 401 Unauthorized in 0ms (ActiveRecord: 0.0ms | Allocations: 132)


  
ActionDispatch::Request::Session::DisabledSessionError (Your application has sessions disabled. To write to the session you must first configure a session store):
  
actionpack (7.1.5.1) lib/action_dispatch/request/session.rb:260:in `load_for_write!'
actionpack (7.1.5.1) lib/action_dispatch/request/session.rb:153:in `[]='
devise (4.9.4) lib/devise/controllers/store_location.rb:40:in `store_location_for'
devise (4.9.4) lib/devise/failure_app.rb:256:in `store_location!'
devise (4.9.4) lib/devise/failure_app.rb:87:in `redirect'
devise (4.9.4) lib/devise/failure_app.rb:48:in `respond'
actionpack (7.1.5.1) lib/abstract_controller/base.rb:224:in `process_action'
actionpack (7.1.5.1) lib/abstract_controller/callbacks.rb:259:in `block in process_action'
activesupport (7.1.5.1) lib/active_support/callbacks.rb:121:in `block in run_callbacks'
i18n (1.14.7) lib/i18n.rb:353:in `with_locale'
devise (4.9.4) lib/devise/failure_app.rb:23:in `block in <class:FailureApp>'
activesupport (7.1.5.1) lib/active_support/callbacks.rb:130:in `instance_exec'
activesupport (7.1.5.1) lib/active_support/callbacks.rb:130:in `block in run_callbacks'
activesupport (7.1.5.1) lib/active_support/callbacks.rb:141:in `run_callbacks'
actionpack (7.1.5.1) lib/abstract_controller/callbacks.rb:258:in `process_action'
actionpack (7.1.5.1) lib/abstract_controller/base.rb:160:in `process'
actionpack (7.1.5.1) lib/action_controller/metal.rb:227:in `dispatch'
actionpack (7.1.5.1) lib/action_controller/metal.rb:293:in `block in action'
devise (4.9.4) lib/devise/failure_app.rb:28:in `call'
devise (4.9.4) lib/devise/delegator.rb:7:in `call'
warden (1.2.9) lib/warden/manager.rb:143:in `call_failure_app'
warden (1.2.9) lib/warden/manager.rb:129:in `process_unauthenticated'
warden (1.2.9) lib/warden/manager.rb:44:in `call'
rack (3.1.14) lib/rack/etag.rb:29:in `call'
rack (3.1.14) lib/rack/conditional_get.rb:31:in `call'
rack (3.1.14) lib/rack/head.rb:15:in `call'
activerecord (7.1.5.1) lib/active_record/migration.rb:655:in `call'
actionpack (7.1.5.1) lib/action_dispatch/middleware/callbacks.rb:29:in `block in call'
activesupport (7.1.5.1) lib/active_support/callbacks.rb:101:in `run_callbacks'
actionpack (7.1.5.1) lib/action_dispatch/middleware/callbacks.rb:28:in `call'
actionpack (7.1.5.1) lib/action_dispatch/middleware/executor.rb:14:in `call'
actionpack (7.1.5.1) lib/action_dispatch/middleware/actionable_exceptions.rb:16:in `call'
actionpack (7.1.5.1) lib/action_dispatch/middleware/debug_exceptions.rb:29:in `call'
actionpack (7.1.5.1) lib/action_dispatch/middleware/show_exceptions.rb:31:in `call'
railties (7.1.5.1) lib/rails/rack/logger.rb:37:in `call_app'
railties (7.1.5.1) lib/rails/rack/logger.rb:24:in `block in call'
activesupport (7.1.5.1) lib/active_support/tagged_logging.rb:139:in `block in tagged'
activesupport (7.1.5.1) lib/active_support/tagged_logging.rb:39:in `tagged'
activesupport (7.1.5.1) lib/active_support/tagged_logging.rb:139:in `tagged'
activesupport (7.1.5.1) lib/active_support/broadcast_logger.rb:241:in `method_missing'
railties (7.1.5.1) lib/rails/rack/logger.rb:24:in `call'
actionpack (7.1.5.1) lib/action_dispatch/middleware/remote_ip.rb:92:in `call'
actionpack (7.1.5.1) lib/action_dispatch/middleware/request_id.rb:28:in `call'
rack (3.1.14) lib/rack/runtime.rb:24:in `call'
activesupport (7.1.5.1) lib/active_support/cache/strategy/local_cache_middleware.rb:29:in `call'
actionpack (7.1.5.1) lib/action_dispatch/middleware/server_timing.rb:59:in `block in call'
actionpack (7.1.5.1) lib/action_dispatch/middleware/server_timing.rb:24:in `collect_events'
actionpack (7.1.5.1) lib/action_dispatch/middleware/server_timing.rb:58:in `call'
actionpack (7.1.5.1) lib/action_dispatch/middleware/executor.rb:14:in `call'
actionpack (7.1.5.1) lib/action_dispatch/middleware/static.rb:25:in `call'
rack (3.1.14) lib/rack/sendfile.rb:114:in `call'
actionpack (7.1.5.1) lib/action_dispatch/middleware/host_authorization.rb:141:in `call'
railties (7.1.5.1) lib/rails/engine.rb:536:in `call'
puma (6.6.0) lib/puma/configuration.rb:279:in `call'
puma (6.6.0) lib/puma/request.rb:99:in `block in handle_request'
puma (6.6.0) lib/puma/thread_pool.rb:390:in `with_force_shutdown'
puma (6.6.0) lib/puma/request.rb:98:in `handle_request'
puma (6.6.0) lib/puma/server.rb:472:in `process_client'
puma (6.6.0) lib/puma/server.rb:254:in `block in run'
puma (6.6.0) lib/puma/thread_pool.rb:167:in `block in spawn_thread'
Started GET "/users/1" for ::1 at 2025-05-08 14:10:55 +0530
Processing by UsersController#show as */*
  Parameters: {"id"=>"1"}
Completed 401 Unauthorized in 0ms (ActiveRecord: 0.0ms | Allocations: 99)


  
ActionDispatch::Request::Session::DisabledSessionError (Your application has sessions disabled. To write to the session you must first configure a session store):
  
actionpack (7.1.5.1) lib/action_dispatch/request/session.rb:260:in `load_for_write!'
actionpack (7.1.5.1) lib/action_dispatch/request/session.rb:153:in `[]='
devise (4.9.4) lib/devise/controllers/store_location.rb:40:in `store_location_for'
devise (4.9.4) lib/devise/failure_app.rb:256:in `store_location!'
devise (4.9.4) lib/devise/failure_app.rb:87:in `redirect'
devise (4.9.4) lib/devise/failure_app.rb:48:in `respond'
actionpack (7.1.5.1) lib/abstract_controller/base.rb:224:in `process_action'
actionpack (7.1.5.1) lib/abstract_controller/callbacks.rb:259:in `block in process_action'
activesupport (7.1.5.1) lib/active_support/callbacks.rb:121:in `block in run_callbacks'
i18n (1.14.7) lib/i18n.rb:353:in `with_locale'
devise (4.9.4) lib/devise/failure_app.rb:23:in `block in <class:FailureApp>'
activesupport (7.1.5.1) lib/active_support/callbacks.rb:130:in `instance_exec'
activesupport (7.1.5.1) lib/active_support/callbacks.rb:130:in `block in run_callbacks'
activesupport (7.1.5.1) lib/active_support/callbacks.rb:141:in `run_callbacks'
actionpack (7.1.5.1) lib/abstract_controller/callbacks.rb:258:in `process_action'
actionpack (7.1.5.1) lib/abstract_controller/base.rb:160:in `process'
actionpack (7.1.5.1) lib/action_controller/metal.rb:227:in `dispatch'
actionpack (7.1.5.1) lib/action_controller/metal.rb:293:in `block in action'
devise (4.9.4) lib/devise/failure_app.rb:28:in `call'
devise (4.9.4) lib/devise/delegator.rb:7:in `call'
warden (1.2.9) lib/warden/manager.rb:143:in `call_failure_app'
warden (1.2.9) lib/warden/manager.rb:129:in `process_unauthenticated'
warden (1.2.9) lib/warden/manager.rb:44:in `call'
rack (3.1.14) lib/rack/etag.rb:29:in `call'
rack (3.1.14) lib/rack/conditional_get.rb:31:in `call'
rack (3.1.14) lib/rack/head.rb:15:in `call'
activerecord (7.1.5.1) lib/active_record/migration.rb:655:in `call'
actionpack (7.1.5.1) lib/action_dispatch/middleware/callbacks.rb:29:in `block in call'
activesupport (7.1.5.1) lib/active_support/callbacks.rb:101:in `run_callbacks'
actionpack (7.1.5.1) lib/action_dispatch/middleware/callbacks.rb:28:in `call'
actionpack (7.1.5.1) lib/action_dispatch/middleware/executor.rb:14:in `call'
actionpack (7.1.5.1) lib/action_dispatch/middleware/actionable_exceptions.rb:16:in `call'
actionpack (7.1.5.1) lib/action_dispatch/middleware/debug_exceptions.rb:29:in `call'
actionpack (7.1.5.1) lib/action_dispatch/middleware/show_exceptions.rb:31:in `call'
railties (7.1.5.1) lib/rails/rack/logger.rb:37:in `call_app'
railties (7.1.5.1) lib/rails/rack/logger.rb:24:in `block in call'
activesupport (7.1.5.1) lib/active_support/tagged_logging.rb:139:in `block in tagged'
activesupport (7.1.5.1) lib/active_support/tagged_logging.rb:39:in `tagged'
activesupport (7.1.5.1) lib/active_support/tagged_logging.rb:139:in `tagged'
activesupport (7.1.5.1) lib/active_support/broadcast_logger.rb:241:in `method_missing'
railties (7.1.5.1) lib/rails/rack/logger.rb:24:in `call'
actionpack (7.1.5.1) lib/action_dispatch/middleware/remote_ip.rb:92:in `call'
actionpack (7.1.5.1) lib/action_dispatch/middleware/request_id.rb:28:in `call'
rack (3.1.14) lib/rack/runtime.rb:24:in `call'
activesupport (7.1.5.1) lib/active_support/cache/strategy/local_cache_middleware.rb:29:in `call'
actionpack (7.1.5.1) lib/action_dispatch/middleware/server_timing.rb:59:in `block in call'
actionpack (7.1.5.1) lib/action_dispatch/middleware/server_timing.rb:24:in `collect_events'
actionpack (7.1.5.1) lib/action_dispatch/middleware/server_timing.rb:58:in `call'
actionpack (7.1.5.1) lib/action_dispatch/middleware/executor.rb:14:in `call'
actionpack (7.1.5.1) lib/action_dispatch/middleware/static.rb:25:in `call'
rack (3.1.14) lib/rack/sendfile.rb:114:in `call'
actionpack (7.1.5.1) lib/action_dispatch/middleware/host_authorization.rb:141:in `call'
railties (7.1.5.1) lib/rails/engine.rb:536:in `call'
puma (6.6.0) lib/puma/configuration.rb:279:in `call'
puma (6.6.0) lib/puma/request.rb:99:in `block in handle_request'
puma (6.6.0) lib/puma/thread_pool.rb:390:in `with_force_shutdown'
puma (6.6.0) lib/puma/request.rb:98:in `handle_request'
puma (6.6.0) lib/puma/server.rb:472:in `process_client'
puma (6.6.0) lib/puma/server.rb:254:in `block in run'
puma (6.6.0) lib/puma/thread_pool.rb:167:in `block in spawn_thread'
Started GET "/users/1" for ::1 at 2025-05-08 14:18:19 +0530
  [1m[36mActiveRecord::SchemaMigration Load (0.5ms)[0m  [1m[34mSELECT "schema_migrations"."version" FROM "schema_migrations" ORDER BY "schema_migrations"."version" ASC[0m
Processing by UsersController#show as */*
  Parameters: {"id"=>"1"}
Completed 401 Unauthorized in 4ms (ActiveRecord: 0.0ms | Allocations: 1741)


Started POST "/users/sign_in" for ::1 at 2025-05-08 14:18:56 +0530
Processing by Users::SessionsController#create as */*
  Parameters: {"user"=>{"email"=>"admin@example.com", "password"=>"[FILTERED]"}, "session"=>{"user"=>{"email"=>"admin@example.com", "password"=>"[FILTERED]"}}}
  [1m[36mUser Load (0.5ms)[0m  [1m[34mSELECT "users".* FROM "users" WHERE "users"."email" = $1 ORDER BY "users"."id" ASC LIMIT $2[0m  [["email", "admin@example.com"], ["LIMIT", 1]]
Completed 200 OK in 327ms (Views: 0.2ms | ActiveRecord: 10.4ms | Allocations: 30243)


Started GET "/users/1" for ::1 at 2025-05-08 14:20:16 +0530
Processing by UsersController#show as */*
  Parameters: {"id"=>"1"}
Completed 401 Unauthorized in 0ms (ActiveRecord: 0.0ms | Allocations: 99)


  [1m[36mUser Load (0.6ms)[0m  [1m[34mSELECT "users".* FROM "users" /* loading for pp */ LIMIT $1[0m  [["LIMIT", 11]]
DEPRECATION WARNING: `Rails.application.secrets` is deprecated in favor of `Rails.application.credentials` and will be removed in Rails 7.2. (called from <main> at /home/ror/job_portal/config/environment.rb:5)
Started POST "/users/sign_in" for ::1 at 2025-05-08 14:55:22 +0530
  [1m[36mActiveRecord::SchemaMigration Load (0.9ms)[0m  [1m[34mSELECT "schema_migrations"."version" FROM "schema_migrations" ORDER BY "schema_migrations"."version" ASC[0m
Processing by Users::SessionsController#create as */*
  Parameters: {"user"=>{"email"=>"admin@example.com", "password"=>"[FILTERED]"}, "session"=>{"user"=>{"email"=>"admin@example.com", "password"=>"[FILTERED]"}}}
  [1m[36mUser Load (0.7ms)[0m  [1m[34mSELECT "users".* FROM "users" WHERE "users"."email" = $1 ORDER BY "users"."id" ASC LIMIT $2[0m  [["email", "admin@example.com"], ["LIMIT", 1]]
Completed 200 OK in 330ms (Views: 0.3ms | ActiveRecord: 11.9ms | Allocations: 30358)


DEPRECATION WARNING: `Rails.application.secrets` is deprecated in favor of `Rails.application.credentials` and will be removed in Rails 7.2. (called from <main> at /home/ror/job_portal/config/environment.rb:5)
DEPRECATION WARNING: `Rails.application.secrets` is deprecated in favor of `Rails.application.credentials` and will be removed in Rails 7.2. (called from <main> at /home/ror/job_portal/config/environment.rb:5)
Started GET "/users/1" for ::1 at 2025-05-08 14:59:58 +0530
  [1m[36mActiveRecord::SchemaMigration Load (0.8ms)[0m  [1m[34mSELECT "schema_migrations"."version" FROM "schema_migrations" ORDER BY "schema_migrations"."version" ASC[0m
Processing by UsersController#show as */*
  Parameters: {"id"=>"1"}
Completed 401 Unauthorized in 3ms (ActiveRecord: 0.0ms | Allocations: 1741)


Started GET "/users/1" for ::1 at 2025-05-08 15:01:58 +0530
Processing by UsersController#show as */*
  Parameters: {"id"=>"1"}
  [1m[36mUser Load (0.4ms)[0m  [1m[34mSELECT "users".* FROM "users" WHERE "users"."id" = $1 LIMIT $2[0m  [["id", 1], ["LIMIT", 1]]
Completed 500 Internal Server Error in 45ms (ActiveRecord: 11.3ms | Allocations: 29042)


  
ActiveRecord::StatementInvalid (PG::UndefinedTable: ERROR:  relation "jwt_denylist" does not exist
LINE 10:  WHERE a.attrelid = '"jwt_denylist"'::regclass
                             ^
):
  
Started GET "/users/1" for ::1 at 2025-05-08 15:02:12 +0530
Processing by UsersController#show as */*
  Parameters: {"id"=>"1"}
  [1m[36mUser Load (0.3ms)[0m  [1m[34mSELECT "users".* FROM "users" WHERE "users"."id" = $1 LIMIT $2[0m  [["id", 1], ["LIMIT", 1]]
Completed 500 Internal Server Error in 5ms (ActiveRecord: 1.1ms | Allocations: 1263)


  
ActiveRecord::StatementInvalid (PG::UndefinedTable: ERROR:  relation "jwt_denylist" does not exist
LINE 10:  WHERE a.attrelid = '"jwt_denylist"'::regclass
                             ^
):
  
DEPRECATION WARNING: `Rails.application.secrets` is deprecated in favor of `Rails.application.credentials` and will be removed in Rails 7.2. (called from <main> at /home/ror/job_portal/config/environment.rb:5)
Started POST "/users/sign_in" for ::1 at 2025-05-08 15:05:35 +0530
  [1m[36mActiveRecord::SchemaMigration Load (0.9ms)[0m  [1m[34mSELECT "schema_migrations"."version" FROM "schema_migrations" ORDER BY "schema_migrations"."version" ASC[0m
Processing by Users::SessionsController#create as */*
  Parameters: {"user"=>{"email"=>"admin@example.com", "password"=>"[FILTERED]"}, "session"=>{"user"=>{"email"=>"admin@example.com", "password"=>"[FILTERED]"}}}
  [1m[36mUser Load (0.6ms)[0m  [1m[34mSELECT "users".* FROM "users" WHERE "users"."email" = $1 ORDER BY "users"."id" ASC LIMIT $2[0m  [["email", "admin@example.com"], ["LIMIT", 1]]
Completed 200 OK in 332ms (Views: 0.3ms | ActiveRecord: 11.0ms | Allocations: 30352)


Started POST "/users/sign_in" for ::1 at 2025-05-08 15:06:14 +0530
Processing by Users::SessionsController#create as */*
  Parameters: {"user"=>{"email"=>"candidate1@example.com", "password"=>"[FILTERED]"}, "session"=>{"user"=>{"email"=>"candidate1@example.com", "password"=>"[FILTERED]"}}}
  [1m[36mUser Load (0.4ms)[0m  [1m[34mSELECT "users".* FROM "users" WHERE "users"."email" = $1 ORDER BY "users"."id" ASC LIMIT $2[0m  [["email", "candidate1@example.com"], ["LIMIT", 1]]
Completed 200 OK in 290ms (Views: 0.1ms | ActiveRecord: 0.3ms | Allocations: 1539)


DEPRECATION WARNING: `Rails.application.secrets` is deprecated in favor of `Rails.application.credentials` and will be removed in Rails 7.2. (called from <main> at /home/ror/job_portal/config/environment.rb:5)
Started GET "/users/2" for ::1 at 2025-05-08 15:08:16 +0530
  [1m[36mActiveRecord::SchemaMigration Load (0.6ms)[0m  [1m[34mSELECT "schema_migrations"."version" FROM "schema_migrations" ORDER BY "schema_migrations"."version" ASC[0m
Processing by UsersController#show as */*
  Parameters: {"id"=>"2"}
  [1m[36mUser Load (0.4ms)[0m  [1m[34mSELECT "users".* FROM "users" WHERE "users"."id" = $1 LIMIT $2[0m  [["id", 2], ["LIMIT", 1]]
  [1m[36mJwtDenylist Exists? (0.9ms)[0m  [1m[34mSELECT 1 AS one FROM "jwt_denylists" WHERE "jwt_denylists"."jti" = $1 LIMIT $2[0m  [["jti", "ce111419-2b93-4e39-ad30-b0d8b00da370"], ["LIMIT", 1]]
  [1m[36mCACHE User Load (0.0ms)[0m  [1m[34mSELECT "users".* FROM "users" WHERE "users"."id" = $1 LIMIT $2[0m  [["id", 2], ["LIMIT", 1]]
  ↳ app/controllers/users_controller.rb:9:in `show'
  Rendering users/show.json.jbuilder
  [1m[36mJobApplication Load (0.3ms)[0m  [1m[34mSELECT "job_applications".* FROM "job_applications" WHERE "job_applications"."user_id" = $1[0m  [["user_id", 2]]
  ↳ app/views/users/show.json.jbuilder:4
  Rendered collection of job_applications/_application.json.jbuilder [2 times] (Duration: 0.8ms | Allocations: 254)
  Rendered users/show.json.jbuilder (Duration: 27.2ms | Allocations: 24288)
Completed 200 OK in 103ms (Views: 44.3ms | ActiveRecord: 17.2ms | Allocations: 61468)


  [1m[36mTRANSACTION (0.1ms)[0m  [1m[35mBEGIN[0m
  [1m[36mUser Exists? (1.2ms)[0m  [1m[34mSELECT 1 AS one FROM "users" WHERE "users"."email" = $1 LIMIT $2[0m  [["email", "bademail"], ["LIMIT", 1]]
  [1m[36mTRANSACTION (0.3ms)[0m  [1m[31mROLLBACK[0m
  [1m[36mTRANSACTION (0.1ms)[0m  [1m[35mBEGIN[0m
  [1m[36mUser Exists? (0.6ms)[0m  [1m[34mSELECT 1 AS one FROM "users" WHERE "users"."email" = $1 LIMIT $2[0m  [["email", "good@example.com"], ["LIMIT", 1]]
  [1m[36mUser Create (0.7ms)[0m  [1m[32mINSERT INTO "users" ("email", "encrypted_password", "reset_password_token", "reset_password_sent_at", "remember_created_at", "name", "role", "created_at", "updated_at") VALUES ($1, $2, $3, $4, $5, $6, $7, $8, $9) RETURNING "id"[0m  [["email", "good@example.com"], ["encrypted_password", "[FILTERED]"], ["reset_password_token", "[FILTERED]"], ["reset_password_sent_at", "[FILTERED]"], ["remember_created_at", nil], ["name", "Good"], ["role", 0], ["created_at", "2025-05-08 09:45:57.494297"], ["updated_at", "2025-05-08 09:45:57.494297"]]
  [1m[36mTRANSACTION (5.9ms)[0m  [1m[35mCOMMIT[0m
DEPRECATION WARNING: `Rails.application.secrets` is deprecated in favor of `Rails.application.credentials` and will be removed in Rails 7.2. (called from <main> at /home/ruby/job_portal/config/environment.rb:5)
  [1m[35m (211.7ms)[0m  [1m[35mCREATE DATABASE "job_portal_development" ENCODING = 'unicode'[0m
  [1m[35m (74.8ms)[0m  [1m[35mCREATE DATABASE "job_portal_test" ENCODING = 'unicode'[0m
DEPRECATION WARNING: `Rails.application.secrets` is deprecated in favor of `Rails.application.credentials` and will be removed in Rails 7.2. (called from <main> at /home/ruby/job_portal/config/environment.rb:5)
  [1m[35m (21.2ms)[0m  [1m[35mCREATE TABLE "schema_migrations" ("version" character varying NOT NULL PRIMARY KEY)[0m
  [1m[35m (17.8ms)[0m  [1m[35mCREATE TABLE "ar_internal_metadata" ("key" character varying NOT NULL PRIMARY KEY, "value" character varying, "created_at" timestamp(6) NOT NULL, "updated_at" timestamp(6) NOT NULL)[0m
  [1m[35m (4.2ms)[0m  [1m[34mSELECT pg_try_advisory_lock(3376815745436005845)[0m
  [1m[36mActiveRecord::SchemaMigration Load (1.3ms)[0m  [1m[34mSELECT "schema_migrations"."version" FROM "schema_migrations" ORDER BY "schema_migrations"."version" ASC[0m
  [1m[36mActiveRecord::InternalMetadata Load (2.1ms)[0m  [1m[34mSELECT * FROM "ar_internal_metadata" WHERE "ar_internal_metadata"."key" = $1 ORDER BY "ar_internal_metadata"."key" ASC LIMIT 1[0m  [[nil, "environment"]]
  [1m[36mActiveRecord::InternalMetadata Create (3.9ms)[0m  [1m[32mINSERT INTO "ar_internal_metadata" ("key", "value", "created_at", "updated_at") VALUES ('environment', 'development', '2025-05-08 10:04:06.448786', '2025-05-08 10:04:06.448792') RETURNING "key"[0m
Migrating to DeviseCreateUsers (20250508070134)
  [1m[36mTRANSACTION (0.1ms)[0m  [1m[35mBEGIN[0m
  [1m[35m (46.0ms)[0m  [1m[35mCREATE TABLE "users" ("id" bigserial primary key, "email" character varying DEFAULT '' NOT NULL, "encrypted_password" character varying DEFAULT '' NOT NULL, "reset_password_token" character varying, "reset_password_sent_at" timestamp(6), "remember_created_at" timestamp(6), "name" character varying, "role" integer DEFAULT 0 NOT NULL, "created_at" timestamp(6) NOT NULL, "updated_at" timestamp(6) NOT NULL)[0m
  [1m[35m (7.1ms)[0m  [1m[35mCREATE UNIQUE INDEX "index_users_on_email" ON "users" ("email")[0m
  [1m[35m (7.1ms)[0m  [1m[35mCREATE UNIQUE INDEX "index_users_on_reset_password_token" ON "users" ("reset_password_token")[0m
  [1m[36mActiveRecord::SchemaMigration Create (0.4ms)[0m  [1m[32mINSERT INTO "schema_migrations" ("version") VALUES ('20250508070134') RETURNING "version"[0m
  [1m[36mTRANSACTION (3.2ms)[0m  [1m[35mCOMMIT[0m
Migrating to CreateJwtDenylists (20250508071223)
  [1m[36mTRANSACTION (0.2ms)[0m  [1m[35mBEGIN[0m
  [1m[35m (17.7ms)[0m  [1m[35mCREATE TABLE "jwt_denylists" ("id" bigserial primary key, "jti" character varying, "exp" timestamp(6), "created_at" timestamp(6) NOT NULL, "updated_at" timestamp(6) NOT NULL)[0m
  [1m[35m (6.8ms)[0m  [1m[35mCREATE UNIQUE INDEX "index_jwt_denylists_on_jti" ON "jwt_denylists" ("jti")[0m
  [1m[35m (6.0ms)[0m  [1m[35mCREATE INDEX "index_jwt_denylists_on_exp" ON "jwt_denylists" ("exp")[0m
  [1m[36mActiveRecord::SchemaMigration Create (0.3ms)[0m  [1m[32mINSERT INTO "schema_migrations" ("version") VALUES ('20250508071223') RETURNING "version"[0m
  [1m[36mTRANSACTION (3.1ms)[0m  [1m[35mCOMMIT[0m
Migrating to CreateJobApplications (20250508072911)
  [1m[36mTRANSACTION (0.2ms)[0m  [1m[35mBEGIN[0m
  [1m[35m (15.2ms)[0m  [1m[35mCREATE TABLE "job_applications" ("id" bigserial primary key, "title" character varying, "company" character varying, "user_id" bigint NOT NULL, "created_at" timestamp(6) NOT NULL, "updated_at" timestamp(6) NOT NULL, CONSTRAINT "fk_rails_0e9ee51b69"
FOREIGN KEY ("user_id")
  REFERENCES "users" ("id")
)[0m
  [1m[35m (6.0ms)[0m  [1m[35mCREATE INDEX "index_job_applications_on_user_id" ON "job_applications" ("user_id")[0m
  [1m[36mActiveRecord::SchemaMigration Create (0.2ms)[0m  [1m[32mINSERT INTO "schema_migrations" ("version") VALUES ('20250508072911') RETURNING "version"[0m
  [1m[36mTRANSACTION (3.3ms)[0m  [1m[35mCOMMIT[0m
  [1m[35m (0.4ms)[0m  [1m[34mSELECT pg_advisory_unlock(3376815745436005845)[0m
  [1m[36mActiveRecord::SchemaMigration Load (0.3ms)[0m  [1m[34mSELECT "schema_migrations"."version" FROM "schema_migrations" ORDER BY "schema_migrations"."version" ASC[0m
DEPRECATION WARNING: `Rails.application.secrets` is deprecated in favor of `Rails.application.credentials` and will be removed in Rails 7.2. (called from <main> at /home/ruby/job_portal/config/environment.rb:5)
Started GET "/" for 127.0.0.1 at 2025-05-08 15:34:13 +0530
  [1m[36mActiveRecord::SchemaMigration Load (1.1ms)[0m  [1m[34mSELECT "schema_migrations"."version" FROM "schema_migrations" ORDER BY "schema_migrations"."version" ASC[0m
Processing by Rails::WelcomeController#index as HTML
  Rendering vendor/bundle/ruby/3.0.0/gems/railties-7.1.5.1/lib/rails/templates/rails/welcome/index.html.erb
  Rendered vendor/bundle/ruby/3.0.0/gems/railties-7.1.5.1/lib/rails/templates/rails/welcome/index.html.erb (Duration: 1.2ms | Allocations: 524)
Completed 200 OK in 121ms (Views: 9.3ms | ActiveRecord: 0.0ms | Allocations: 10218)


